This is XeTeX, Version 3.14159265-2.6-0.99996 (TeX Live 2016) (preloaded format=xelatex 2016.5.22)  7 APR 2017 11:23
entering extended mode
 restricted \write18 enabled.
 file:line:error style messages enabled.
 %&-line parsing enabled.
**\nonstopmode\nofiles\PassOptionsToPackage{active,tightpage,auctex}{preview}\A
tBeginDocument{\ifx\ifPreview\undefined\RequirePackage[displaymath,floats,graph
ics,textmath,sections,footnotes]{preview}[2004/11/05]\fi} \input _region_.tex
(./_region_.tex  !name(ResearchStrategy.tex)
(/usr/local/texlive/2016/texmf-dist/tex/latex/base/article.cls
Document Class: article 2014/09/29 v1.4h Standard LaTeX document class
(/usr/local/texlive/2016/texmf-dist/tex/latex/base/size11.clo
File: size11.clo 2014/09/29 v1.4h Standard LaTeX file (size option)
)
\c@part=\count79
\c@section=\count80
\c@subsection=\count81
\c@subsubsection=\count82
\c@paragraph=\count83
\c@subparagraph=\count84
\c@figure=\count85
\c@table=\count86
\abovecaptionskip=\skip41
\belowcaptionskip=\skip42
\bibindent=\dimen102
)
(/usr/local/texlive/2016/texmf-dist/tex/latex/base/fontenc.sty
Package: fontenc 2005/09/27 v1.99g Standard LaTeX package

(/usr/local/texlive/2016/texmf-dist/tex/latex/base/t1enc.def
File: t1enc.def 2005/09/27 v1.99g Standard LaTeX file
LaTeX Font Info:    Redeclaring font encoding T1 on input line 48.
))
(/usr/local/texlive/2016/texmf-dist/tex/latex/amsmath/amsmath.sty
Package: amsmath 2016/03/10 v2.15b AMS math features
\@mathmargin=\skip43

For additional information on amsmath, use the `?' option.
(/usr/local/texlive/2016/texmf-dist/tex/latex/amsmath/amstext.sty
Package: amstext 2000/06/29 v2.01 AMS text

(/usr/local/texlive/2016/texmf-dist/tex/latex/amsmath/amsgen.sty
File: amsgen.sty 1999/11/30 v2.0 generic functions
\@emptytoks=\toks14
\ex@=\dimen103
))
(/usr/local/texlive/2016/texmf-dist/tex/latex/amsmath/amsbsy.sty
Package: amsbsy 1999/11/29 v1.2d Bold Symbols
\pmbraise@=\dimen104
)
(/usr/local/texlive/2016/texmf-dist/tex/latex/amsmath/amsopn.sty
Package: amsopn 2016/03/08 v2.02 operator names
)
\inf@bad=\count87
LaTeX Info: Redefining \frac on input line 199.
\uproot@=\count88
\leftroot@=\count89
LaTeX Info: Redefining \overline on input line 297.
\classnum@=\count90
\DOTSCASE@=\count91
LaTeX Info: Redefining \ldots on input line 394.
LaTeX Info: Redefining \dots on input line 397.
LaTeX Info: Redefining \cdots on input line 518.
\Mathstrutbox@=\box26
\strutbox@=\box27
\big@size=\dimen105
LaTeX Font Info:    Redeclaring font encoding OML on input line 634.
LaTeX Font Info:    Redeclaring font encoding OMS on input line 635.
\macc@depth=\count92
\c@MaxMatrixCols=\count93
\dotsspace@=\muskip10
\c@parentequation=\count94
\dspbrk@lvl=\count95
\tag@help=\toks15
\row@=\count96
\column@=\count97
\maxfields@=\count98
\andhelp@=\toks16
\eqnshift@=\dimen106
\alignsep@=\dimen107
\tagshift@=\dimen108
\tagwidth@=\dimen109
\totwidth@=\dimen110
\lineht@=\dimen111
\@envbody=\toks17
\multlinegap=\skip44
\multlinetaggap=\skip45
\mathdisplay@stack=\toks18
LaTeX Info: Redefining \[ on input line 2739.
LaTeX Info: Redefining \] on input line 2740.
)
(/usr/local/texlive/2016/texmf-dist/tex/latex/jknapltx/mathrsfs.sty
Package: mathrsfs 1996/01/01 Math RSFS package v1.0 (jk)
\symrsfs=\mathgroup4
)
(/usr/local/texlive/2016/texmf-dist/tex/latex/tools/bm.sty
Package: bm 2016/02/27 v1.2a Bold Symbol Support (DPC/FMi)
\symboldoperators=\mathgroup5
\symboldletters=\mathgroup6
\symboldsymbols=\mathgroup7
LaTeX Font Info:    Redeclaring math alphabet \mathbf on input line 142.
LaTeX Info: Redefining \bm on input line 208.
)
(/usr/local/texlive/2016/texmf-dist/tex/latex/graphics/color.sty
Package: color 2016/05/09 v1.1c Standard LaTeX Color (DPC)

(/usr/local/texlive/2016/texmf-dist/tex/latex/graphics-cfg/color.cfg
File: color.cfg 2016/01/02 v1.6 sample color configuration
)
Package color Info: Driver file: xetex.def on input line 144.

(/usr/local/texlive/2016/texmf-dist/tex/xelatex/xetex-def/xetex.def
File: xetex.def 2016/04/06 v4.08 LaTeX color/graphics driver for XeTeX (TeX Liv
e/RRM/JK)

(/usr/local/texlive/2016/texmf-dist/tex/generic/oberdiek/infwarerr.sty
Package: infwarerr 2016/05/16 v1.4 Providing info/warning/error messages (HO)
)
(/usr/local/texlive/2016/texmf-dist/tex/generic/oberdiek/ltxcmds.sty
Package: ltxcmds 2016/05/16 v1.23 LaTeX kernel commands for general use (HO)
)))
(/usr/local/texlive/2016/texmf-dist/tex/latex/mathtools/mathtools.sty
Package: mathtools 2015/11/12 v1.18 mathematical typesetting tools

(/usr/local/texlive/2016/texmf-dist/tex/latex/graphics/keyval.sty
Package: keyval 2014/10/28 v1.15 key=value parser (DPC)
\KV@toks@=\toks19
)
(/usr/local/texlive/2016/texmf-dist/tex/latex/tools/calc.sty
Package: calc 2014/10/28 v4.3 Infix arithmetic (KKT,FJ)
\calc@Acount=\count99
\calc@Bcount=\count100
\calc@Adimen=\dimen112
\calc@Bdimen=\dimen113
\calc@Askip=\skip46
\calc@Bskip=\skip47
LaTeX Info: Redefining \setlength on input line 80.
LaTeX Info: Redefining \addtolength on input line 81.
\calc@Ccount=\count101
\calc@Cskip=\skip48
)
(/usr/local/texlive/2016/texmf-dist/tex/latex/mathtools/mhsetup.sty
Package: mhsetup 2010/01/21 v1.2a programming setup (MH)
)
LaTeX Info: Thecontrolsequence`\('isalreadyrobust on input line 129.
LaTeX Info: Thecontrolsequence`\)'isalreadyrobust on input line 129.
LaTeX Info: Thecontrolsequence`\['isalreadyrobust on input line 129.
LaTeX Info: Thecontrolsequence`\]'isalreadyrobust on input line 129.
\g_MT_multlinerow_int=\count102
\l_MT_multwidth_dim=\dimen114
\origjot=\skip49
\l_MT_shortvdotswithinadjustabove_dim=\dimen115
\l_MT_shortvdotswithinadjustbelow_dim=\dimen116
\l_MT_above_intertext_sep=\dimen117
\l_MT_below_intertext_sep=\dimen118
\l_MT_above_shortintertext_sep=\dimen119
\l_MT_below_shortintertext_sep=\dimen120
)
(/usr/local/texlive/2016/texmf-dist/tex/latex/graphics/graphicx.sty
Package: graphicx 2014/10/28 v1.0g Enhanced LaTeX Graphics (DPC,SPQR)

(/usr/local/texlive/2016/texmf-dist/tex/latex/graphics/graphics.sty
Package: graphics 2016/05/09 v1.0r Standard LaTeX Graphics (DPC,SPQR)

(/usr/local/texlive/2016/texmf-dist/tex/latex/graphics/trig.sty
Package: trig 2016/01/03 v1.10 sin cos tan (DPC)
)
(/usr/local/texlive/2016/texmf-dist/tex/latex/graphics-cfg/graphics.cfg
File: graphics.cfg 2016/01/02 v1.10 sample graphics configuration
)
Package graphics Info: Driver file: xetex.def on input line 96.
)
\Gin@req@height=\dimen121
\Gin@req@width=\dimen122
)
(/usr/local/texlive/2016/texmf-dist/tex/latex/caption/caption.sty
Package: caption 2016/02/21 v3.3-144 Customizing captions (AR)

(/usr/local/texlive/2016/texmf-dist/tex/latex/caption/caption3.sty
Package: caption3 2016/02/04 v1.7-139 caption3 kernel (AR)
Package caption3 Info: TeX engine: e-TeX on input line 67.
\captionmargin=\dimen123
\captionmargin@=\dimen124
\captionwidth=\dimen125
\caption@tempdima=\dimen126
\caption@indent=\dimen127
\caption@parindent=\dimen128
\caption@hangindent=\dimen129
)
\c@ContinuedFloat=\count103
)
(/usr/local/texlive/2016/texmf-dist/tex/latex/wrapfig/wrapfig.sty
\wrapoverhang=\dimen130
\WF@size=\dimen131
\c@WF@wrappedlines=\count104
\WF@box=\box28
\WF@everypar=\toks20
Package: wrapfig 2003/01/31  v 3.6
)
(/usr/local/texlive/2016/texmf-dist/tex/latex/titlesec/titlesec.sty
Package: titlesec 2016/03/21 v2.10.2 Sectioning titles
\ttl@box=\box29
\beforetitleunit=\skip50
\aftertitleunit=\skip51
\ttl@plus=\dimen132
\ttl@minus=\dimen133
\ttl@toksa=\toks21
\titlewidth=\dimen134
\titlewidthlast=\dimen135
\titlewidthfirst=\dimen136
)
(/usr/local/texlive/2016/texmf-dist/tex/latex/natbib/natbib.sty
Package: natbib 2010/09/13 8.31b (PWD, AO)
\bibhang=\skip52
\bibsep=\skip53
LaTeX Info: Redefining \cite on input line 694.


/usr/local/texlive/2016/texmf-dist/tex/latex/natbib/natbib.sty:795: LaTeX Error
: \makeindex undefined.

See the LaTeX manual or LaTeX Companion for explanation.
Type  H <return>  for immediate help.
 ...                                              
                                                  
l.795 \renewcommand\makeindex
                             {\NAT@makeindex
Try typing  <return>  to proceed.
If that doesn't work, type  X <return>  to quit.

\c@NAT@ctr=\count105
) (/usr/local/texlive/2016/texmf-dist/tex/latex/cite/cite.sty
LaTeX Info: Redefining \cite on input line 302.
LaTeX Info: Redefining \nocite on input line 332.
Package: cite 2015/02/27  v 5.5
LaTeX Info: Redefining \cite on input line 441.
)
(/usr/local/texlive/2016/texmf-dist/tex/latex/geometry/geometry.sty
Package: geometry 2010/09/12 v5.6 Page Geometry

(/usr/local/texlive/2016/texmf-dist/tex/generic/oberdiek/ifpdf.sty
Package: ifpdf 2016/05/14 v3.1 Provides the ifpdf switch
)
(/usr/local/texlive/2016/texmf-dist/tex/generic/oberdiek/ifvtex.sty
Package: ifvtex 2016/05/16 v1.6 Detect VTeX and its facilities (HO)
Package ifvtex Info: VTeX not detected.
)
(/usr/local/texlive/2016/texmf-dist/tex/generic/ifxetex/ifxetex.sty
Package: ifxetex 2010/09/12 v0.6 Provides ifxetex conditional
)
\Gm@cnth=\count106
\Gm@cntv=\count107
\c@Gm@tempcnt=\count108
\Gm@bindingoffset=\dimen137
\Gm@wd@mp=\dimen138
\Gm@odd@mp=\dimen139
\Gm@even@mp=\dimen140
\Gm@layoutwidth=\dimen141
\Gm@layoutheight=\dimen142
\Gm@layouthoffset=\dimen143
\Gm@layoutvoffset=\dimen144
\Gm@dimlist=\toks22
)
(/usr/local/texlive/2016/texmf-dist/tex/latex/fontspec/fontspec.sty
(/usr/local/texlive/2016/texmf-dist/tex/latex/l3kernel/expl3.sty
Package: expl3 2016/05/18 v6512 L3 programming layer (loader) 

(/usr/local/texlive/2016/texmf-dist/tex/latex/l3kernel/expl3-code.tex
Package: expl3 2016/05/18 v6512 L3 programming layer (code)
L3 Module: l3bootstrap 2016/02/12 v6412 L3 Bootstrap code
L3 Module: l3names 2016/03/11 v6433 L3 Namespace for primitives
L3 Module: l3basics 2015/11/22 v6315 L3 Basic definitions
L3 Module: l3expan 2015/09/10 v5983 L3 Argument expansion
L3 Module: l3tl 2016/03/26 v6465 L3 Token lists
L3 Module: l3str 2016/03/24 v6441 L3 Strings
L3 Module: l3seq 2015/08/05 v5777 L3 Sequences and stacks
L3 Module: l3int 2016/03/24 v6441 L3 Integers
\c_max_int=\count109
\l_tmpa_int=\count110
\l_tmpb_int=\count111
\g_tmpa_int=\count112
\g_tmpb_int=\count113
L3 Module: l3quark 2015/08/17 v5855 L3 Quarks
L3 Module: l3prg 2015/11/01 v6216 L3 Control structures
\g__prg_map_int=\count114
L3 Module: l3clist 2015/09/02 v5901 L3 Comma separated lists
L3 Module: l3token 2016/04/03 v6470 L3 Experimental token manipulation
L3 Module: l3prop 2016/01/05 v6366 L3 Property lists
L3 Module: l3msg 2016/03/26 v6464 L3 Messages
L3 Module: l3file 2016/03/25 v6458 L3 File and I/O operations
\l_iow_line_count_int=\count115
\l__iow_target_count_int=\count116
\l__iow_current_line_int=\count117
\l__iow_current_word_int=\count118
\l__iow_current_indentation_int=\count119
L3 Module: l3skip 2016/01/05 v6366 L3 Dimensions and skips
\c_zero_dim=\dimen145
\c_max_dim=\dimen146
\l_tmpa_dim=\dimen147
\l_tmpb_dim=\dimen148
\g_tmpa_dim=\dimen149
\g_tmpb_dim=\dimen150
\c_zero_skip=\skip54
\c_max_skip=\skip55
\l_tmpa_skip=\skip56
\l_tmpb_skip=\skip57
\g_tmpa_skip=\skip58
\g_tmpb_skip=\skip59
\c_zero_muskip=\muskip11
\c_max_muskip=\muskip12
\l_tmpa_muskip=\muskip13
\l_tmpb_muskip=\muskip14
\g_tmpa_muskip=\muskip15
\g_tmpb_muskip=\muskip16
L3 Module: l3keys 2015/11/17 v6284 L3 Key-value interfaces
\g__keyval_level_int=\count120
\l_keys_choice_int=\count121
L3 Module: l3fp 2016/03/26 v6465 L3 Floating points
\c__fp_leading_shift_int=\count122
\c__fp_middle_shift_int=\count123
\c__fp_trailing_shift_int=\count124
\c__fp_big_leading_shift_int=\count125
\c__fp_big_middle_shift_int=\count126
\c__fp_big_trailing_shift_int=\count127
\c__fp_Bigg_leading_shift_int=\count128
\c__fp_Bigg_middle_shift_int=\count129
\c__fp_Bigg_trailing_shift_int=\count130
L3 Module: l3box 2015/08/09 v5822 L3 Experimental boxes
\c_empty_box=\box30
\l_tmpa_box=\box31
\l_tmpb_box=\box32
\g_tmpa_box=\box33
\g_tmpb_box=\box34
L3 Module: l3coffins 2016/05/17 v6508 L3 Coffin code layer
\l__coffin_internal_box=\box35
\l__coffin_internal_dim=\dimen151
\l__coffin_offset_x_dim=\dimen152
\l__coffin_offset_y_dim=\dimen153
\l__coffin_x_dim=\dimen154
\l__coffin_y_dim=\dimen155
\l__coffin_x_prime_dim=\dimen156
\l__coffin_y_prime_dim=\dimen157
\c_empty_coffin=\box36
\l__coffin_aligned_coffin=\box37
\l__coffin_aligned_internal_coffin=\box38
\l_tmpa_coffin=\box39
\l_tmpb_coffin=\box40
\l__coffin_display_coffin=\box41
\l__coffin_display_coord_coffin=\box42
\l__coffin_display_pole_coffin=\box43
\l__coffin_display_offset_dim=\dimen158
\l__coffin_display_x_dim=\dimen159
\l__coffin_display_y_dim=\dimen160
L3 Module: l3color 2014/08/23 v5354 L3 Experimental color support
L3 Module: l3sys 2015/09/25 v6087 L3 Experimental system/runtime functions
L3 Module: l3candidates 2016/05/13 v6484 L3 Experimental additions to l3kernel
\l__box_top_dim=\dimen161
\l__box_bottom_dim=\dimen162
\l__box_left_dim=\dimen163
\l__box_right_dim=\dimen164
\l__box_top_new_dim=\dimen165
\l__box_bottom_new_dim=\dimen166
\l__box_left_new_dim=\dimen167
\l__box_right_new_dim=\dimen168
\l__box_internal_box=\box44
\l__coffin_bounding_shift_dim=\dimen169
\l__coffin_left_corner_dim=\dimen170
\l__coffin_right_corner_dim=\dimen171
\l__coffin_bottom_corner_dim=\dimen172
\l__coffin_top_corner_dim=\dimen173
\l__coffin_scaled_total_height_dim=\dimen174
\l__coffin_scaled_width_dim=\dimen175
L3 Module: l3luatex 2016/03/26 v6465 L3 Experimental LuaTeX-specific functions
)
(/usr/local/texlive/2016/texmf-dist/tex/latex/l3kernel/l3xdvipdfmx.def
File: l3xdvidpfmx.def 2016/03/26 v6465 L3 Experimental driver: xdvipdfmx
\l__driver_tmp_box=\box45
))
(/usr/local/texlive/2016/texmf-dist/tex/latex/l3packages/xparse/xparse.sty
Package: xparse 2016/05/18 v6512 L3 Experimental document command parser
\l__xparse_current_arg_int=\count131
\l__xparse_m_args_int=\count132
\l__xparse_mandatory_args_int=\count133
\l__xparse_processor_int=\count134
\l__xparse_v_nesting_int=\count135
)
Package: fontspec 2016/02/01 v2.5a Font selection for XeLaTeX and LuaLaTeX

(/usr/local/texlive/2016/texmf-dist/tex/latex/fontspec/fontspec-xetex.sty
Package: fontspec-xetex 2016/02/01 v2.5a Font selection for XeLaTeX and LuaLaTe
X
\l_fontspec_script_int=\count136
\l_fontspec_language_int=\count137
\l_fontspec_strnum_int=\count138
\l__fontspec_tmpa_dim=\dimen176
\l__fontspec_tmpb_dim=\dimen177
\l__fontspec_tmpc_dim=\dimen178
\g__file_internal_ior=\read1

(/usr/local/texlive/2016/texmf-dist/tex/latex/base/fontenc.sty
Package: fontenc 2005/09/27 v1.99g Standard LaTeX package

(/usr/local/texlive/2016/texmf-dist/tex/latex/euenc/eu1enc.def
File: eu1enc.def 2010/05/27 v0.1h Experimental Unicode font encodings
)
LaTeX Font Info:    Try loading font information for EU1+lmr on input line 105.


(/usr/local/texlive/2016/texmf-dist/tex/latex/euenc/eu1lmr.fd
File: eu1lmr.fd 2009/10/30 v1.6 Font defs for Latin Modern
))
(/usr/local/texlive/2016/texmf-dist/tex/xelatex/xunicode/xunicode.sty
File: xunicode.sty 2011/09/09 v0.981 provides access to latin accents and many 
other characters in Unicode lower plane

(/usr/local/texlive/2016/texmf-dist/tex/latex/tipa/t3enc.def
File: t3enc.def 2001/12/31 T3 encoding
LaTeX Font Info:    Try loading font information for EU1+lmss on input line 357
.

(/usr/local/texlive/2016/texmf-dist/tex/latex/euenc/eu1lmss.fd
File: eu1lmss.fd 2009/10/30 v1.6 Font defs for Latin Modern
))
\tipaTiiicode=\count139
\tipasavetokens=\toks23
\tipachecktokens=\toks24
)
.................................................
. LaTeX info: "xparse/define-command"
. 
. Defining command \__fontspec_post_arg:w with sig. 'mmO{}' on line 353.
.................................................
.................................................
. LaTeX info: "xparse/define-command"
. 
. Defining command \fontspec with sig. 'om' on line 355.
.................................................
.................................................
. LaTeX info: "xparse/define-command"
. 
. Defining command \setmainfont with sig. 'om' on line 365.
.................................................
.................................................
. LaTeX info: "xparse/define-command"
. 
. Defining command \setsansfont with sig. 'om' on line 375.
.................................................
.................................................
. LaTeX info: "xparse/define-command"
. 
. Defining command \setmonofont with sig. 'om' on line 385.
.................................................
.................................................
. LaTeX info: "xparse/define-command"
. 
. Defining command \setmathrm with sig. 'om' on line 399.
.................................................
.................................................
. LaTeX info: "xparse/define-command"
. 
. Defining command \setboldmathrm with sig. 'om' on line 407.
.................................................
.................................................
. LaTeX info: "xparse/define-command"
. 
. Defining command \setmathsf with sig. 'om' on line 415.
.................................................
.................................................
. LaTeX info: "xparse/define-command"
. 
. Defining command \setmathtt with sig. 'om' on line 423.
.................................................
.................................................
. LaTeX info: "xparse/define-command"
. 
. Defining command \newfontfamily with sig. 'mom' on line 437.
.................................................
.................................................
. LaTeX info: "xparse/define-command"
. 
. Defining command \newfontface with sig. 'mom' on line 453.
.................................................
.................................................
. LaTeX info: "xparse/define-command"
. 
. Defining command \defaultfontfeatures with sig. 't+om' on line 467.
.................................................
.................................................
. LaTeX info: "xparse/define-command"
. 
. Defining command \addfontfeatures with sig. 'm' on line 529.
.................................................
.................................................
. LaTeX info: "xparse/define-command"
. 
. Defining command \newfontfeature with sig. 'mm' on line 540.
.................................................
.................................................
. LaTeX info: "xparse/define-command"
. 
. Defining command \newAATfeature with sig. 'mmmm' on line 548.
.................................................
.................................................
. LaTeX info: "xparse/define-command"
. 
. Defining command \newopentypefeature with sig. 'mmm' on line 556.
.................................................
.................................................
. LaTeX info: "xparse/define-command"
. 
. Defining command \aliasfontfeature with sig. 'mm' on line 577.
.................................................
.................................................
. LaTeX info: "xparse/define-command"
. 
. Defining command \aliasfontfeatureoption with sig. 'mmm' on line 586.
.................................................
.................................................
. LaTeX info: "xparse/define-command"
. 
. Defining command \newfontscript with sig. 'mm' on line 590.
.................................................
.................................................
. LaTeX info: "xparse/define-command"
. 
. Defining command \newfontlanguage with sig. 'mm' on line 594.
.................................................
.................................................
. LaTeX info: "xparse/define-command"
. 
. Defining command \DeclareFontsExtensions with sig. 'm' on line 599.
.................................................
\l__fontspec_tmp_int=\count140

(/usr/local/texlive/2016/texmf-dist/tex/latex/fontspec/fontspec.cfg)
LaTeX Info: Redefining \itshape on input line 2705.
LaTeX Info: Redefining \slshape on input line 2710.
LaTeX Info: Redefining \scshape on input line 2715.
LaTeX Info: Redefining \upshape on input line 2720.
\l__fontspec_em_int=\count141
\l__fontspec_emdef_int=\count142
LaTeX Info: Redefining \em on input line 2736.
LaTeX Info: Redefining \emph on input line 2742.
LaTeX Info: Redefining \- on input line 2746.
.................................................
. LaTeX info: "xparse/redefine-command"
. 
. Redefining command \oldstylenums with sig. 'm' on line 2841.
.................................................
.................................................
. LaTeX info: "xparse/define-command"
. 
. Defining command \liningnums with sig. 'm' on line 2845.
.................................................
))
\g__fontspec_family_Arial_int=\count143
.................................................
. fontspec info: "defining-font"
. 
. Font family 'Arial(0)' created for font 'Arial' with options
. [Ligatures=TeX].
. 
. This font family consists of the following NFSS series/shapes:
. - 'normal' (m/n) with NFSS spec.:
. <->"Arial/OT:script=latn;language=DFLT;mapping=tex-text;"
. - 'small caps'  (m/sc) with NFSS spec.: - 'bold' (bx/n) with NFSS spec.:
. <->"Arial/B/OT:script=latn;language=DFLT;mapping=tex-text;"
. - 'bold small caps'  (bx/sc) with NFSS spec.: - 'italic' (m/it) with NFSS
. spec.: <->"Arial/I/OT:script=latn;language=DFLT;mapping=tex-text;"
. - 'italic small caps'  (m/itsc) with NFSS spec.: - 'bold italic' (bx/it)
. with NFSS spec.:
. <->"Arial/BI/OT:script=latn;language=DFLT;mapping=tex-text;"
. - 'bold italic small caps'  (bx/itsc) with NFSS spec.: 
.................................................

(./_region_.aux)
LaTeX Font Info:    Checking defaults for OML/cmm/m/it on input line 38.
LaTeX Font Info:    ... okay on input line 38.
LaTeX Font Info:    Checking defaults for T1/cmr/m/n on input line 38.
LaTeX Font Info:    ... okay on input line 38.
LaTeX Font Info:    Checking defaults for OT1/cmr/m/n on input line 38.
LaTeX Font Info:    ... okay on input line 38.
LaTeX Font Info:    Checking defaults for OMS/cmsy/m/n on input line 38.
LaTeX Font Info:    ... okay on input line 38.
LaTeX Font Info:    Checking defaults for OMX/cmex/m/n on input line 38.
LaTeX Font Info:    ... okay on input line 38.
LaTeX Font Info:    Checking defaults for U/cmr/m/n on input line 38.
LaTeX Font Info:    ... okay on input line 38.
LaTeX Font Info:    Checking defaults for EU1/lmr/m/n on input line 38.
LaTeX Font Info:    ... okay on input line 38.
LaTeX Font Info:    Checking defaults for T3/cmr/m/n on input line 38.
LaTeX Font Info:    Try loading font information for T3+cmr on input line 38.
 (/usr/local/texlive/2016/texmf-dist/tex/latex/tipa/t3cmr.fd
File: t3cmr.fd 2001/12/31 TIPA font definitions
)
LaTeX Font Info:    ... okay on input line 38.

(/Users/jeremyberg/.emacs.d/elpa/auctex-11.90.0/latex/preview.sty
Package: preview 2010/02/14 11.90 (AUCTeX/preview-latex)

(/Users/jeremyberg/.emacs.d/elpa/auctex-11.90.0/latex/prtightpage.def
\PreviewBorder=\dimen179
)
(/Users/jeremyberg/.emacs.d/elpa/auctex-11.90.0/latex/prauctex.def
No auxiliary output files.


\hbadness=\count144
\hfuzz=\dimen180
(/Users/jeremyberg/.emacs.d/elpa/auctex-11.90.0/latex/prauctex.cfg))
(/Users/jeremyberg/.emacs.d/elpa/auctex-11.90.0/latex/prfootnotes.def)
\pr@snippet=\count145
\pr@box=\box46
\pr@output=\toks25

Preview: Fontsize 10.95pt
Preview: PDFoutput 1
)
Package caption Info: Begin \AtBeginDocument code.
Package caption Info: Incompatible package detected (regarding \caption).
(caption)             \caption = \protected\long macro:->\pr@protect@domacro {}
{##1{}}\pr@\caption .


Package caption Warning: \caption will not be redefined since it's already
(caption)                redefined by a document class or package which is
(caption)                unknown to the caption package.
See the caption package documentation for explanation.

Package caption Info: wrapfig package is loaded.
Package caption Info: End \AtBeginDocument code.
*geometry* driver: auto-detecting
*geometry* detected driver: xetex
*geometry* verbose mode - [ preamble ] result:
* driver: xetex
* paper: <default>
* layout: <same size as paper>
* layoutoffset:(h,v)=(0.0pt,0.0pt)
* modes: 
* h-part:(L,W,R)=(36.135pt, 542.02501pt, 36.135pt)
* v-part:(T,H,B)=(36.135pt, 722.7pt, 36.135pt)
* \paperwidth=614.295pt
* \paperheight=794.96999pt
* \textwidth=542.02501pt
* \textheight=722.7pt
* \oddsidemargin=-36.135pt
* \evensidemargin=-36.135pt
* \topmargin=-73.135pt
* \headheight=12.0pt
* \headsep=25.0pt
* \topskip=11.0pt
* \footskip=30.0pt
* \marginparwidth=59.0pt
* \marginparsep=10.0pt
* \columnsep=10.0pt
* \skip\footins=10.0pt plus 4.0pt minus 2.0pt
* \hoffset=0.0pt
* \voffset=0.0pt
* \mag=1000
* \@twocolumnfalse
* \@twosidefalse
* \@mparswitchfalse
* \@reversemarginfalse
* (1in=72.27pt=25.4mm, 1cm=28.453pt)

.................................................
. fontspec info: "setup-math"
. 
. Adjusting the maths setup (use [no-math] to avoid this).
.................................................
\symlegacymaths=\mathgroup8
LaTeX Font Info:    Overwriting symbol font `legacymaths' in version `bold'
(Font)                  OT1/cmr/m/n --> OT1/cmr/bx/n on input line 38.
LaTeX Font Info:    Redeclaring math accent \acute on input line 38.
LaTeX Font Info:    Redeclaring math accent \grave on input line 38.
LaTeX Font Info:    Redeclaring math accent \ddot on input line 38.
LaTeX Font Info:    Redeclaring math accent \tilde on input line 38.
LaTeX Font Info:    Redeclaring math accent \bar on input line 38.
LaTeX Font Info:    Redeclaring math accent \breve on input line 38.
LaTeX Font Info:    Redeclaring math accent \check on input line 38.
LaTeX Font Info:    Redeclaring math accent \hat on input line 38.
LaTeX Font Info:    Redeclaring math accent \dot on input line 38.
LaTeX Font Info:    Redeclaring math accent \mathring on input line 38.
LaTeX Font Info:    Redeclaring math symbol \Gamma on input line 38.
LaTeX Font Info:    Redeclaring math symbol \Delta on input line 38.
LaTeX Font Info:    Redeclaring math symbol \Theta on input line 38.
LaTeX Font Info:    Redeclaring math symbol \Lambda on input line 38.
LaTeX Font Info:    Redeclaring math symbol \Xi on input line 38.
LaTeX Font Info:    Redeclaring math symbol \Pi on input line 38.
LaTeX Font Info:    Redeclaring math symbol \Sigma on input line 38.
LaTeX Font Info:    Redeclaring math symbol \Upsilon on input line 38.
LaTeX Font Info:    Redeclaring math symbol \Phi on input line 38.
LaTeX Font Info:    Redeclaring math symbol \Psi on input line 38.
LaTeX Font Info:    Redeclaring math symbol \Omega on input line 38.
LaTeX Font Info:    Redeclaring math symbol \mathdollar on input line 38.
LaTeX Font Info:    Redeclaring symbol font `operators' on input line 38.
LaTeX Font Info:    Encoding `OT1' has changed to `EU1' for symbol font
(Font)              `operators' in the math version `normal' on input line 38.
LaTeX Font Info:    Overwriting symbol font `operators' in version `normal'
(Font)                  OT1/cmr/m/n --> EU1/Arial(0)/m/n on input line 38.
LaTeX Font Info:    Encoding `OT1' has changed to `EU1' for symbol font
(Font)              `operators' in the math version `bold' on input line 38.
LaTeX Font Info:    Overwriting symbol font `operators' in version `bold'
(Font)                  OT1/cmr/bx/n --> EU1/Arial(0)/m/n on input line 38.
LaTeX Font Info:    Overwriting symbol font `operators' in version `normal'
(Font)                  EU1/Arial(0)/m/n --> EU1/Arial(0)/m/n on input line 38.

LaTeX Font Info:    Overwriting math alphabet `\mathit' in version `normal'
(Font)                  OT1/cmr/m/it --> EU1/Arial(0)/m/it on input line 38.
LaTeX Font Info:    Overwriting math alphabet `\mathbf' in version `normal'
(Font)                  OT1/cmr/bx/n --> EU1/Arial(0)/bx/n on input line 38.
LaTeX Font Info:    Overwriting math alphabet `\mathsf' in version `normal'
(Font)                  OT1/cmss/m/n --> EU1/lmss/m/n on input line 38.
LaTeX Font Info:    Overwriting math alphabet `\mathtt' in version `normal'
(Font)                  OT1/cmtt/m/n --> EU1/lmtt/m/n on input line 38.
LaTeX Font Info:    Overwriting symbol font `operators' in version `bold'
(Font)                  EU1/Arial(0)/m/n --> EU1/Arial(0)/bx/n on input line 38
.
LaTeX Font Info:    Overwriting math alphabet `\mathit' in version `bold'
(Font)                  OT1/cmr/bx/it --> EU1/Arial(0)/bx/it on input line 38.
LaTeX Font Info:    Overwriting math alphabet `\mathsf' in version `bold'
(Font)                  OT1/cmss/bx/n --> EU1/lmss/bx/n on input line 38.
LaTeX Font Info:    Overwriting math alphabet `\mathtt' in version `bold'
(Font)                  OT1/cmtt/m/n --> EU1/lmtt/bx/n on input line 38.
 !name(ResearchStrategy.tex) !offset(-3) 
./_region_.tex:51: Preview: Snippet 1 started.
<-><->
      
l.51 ...have been successfully mapped during the $
                                                  20^{th}$ century, the syst...

Not a real error.

LaTeX Font Info:    Try loading font information for U+rsfs on input line 51.
(/usr/local/texlive/2016/texmf-dist/tex/latex/jknapltx/ursfs.fd
File: ursfs.fd 1998/03/24 rsfs font definition file (jk)
)
Preview: Tightpage -32891 -32891 32891 32891
./_region_.tex:51: Preview: Snippet 1 ended.(624507+0x1272559).
<-><->
      
l.51 ...n successfully mapped during the $20^{th}$
                                                   century, the systematic m...

Not a real error.

[1]

LaTeX Warning: Citation `Risch:1996ub' on page  undefined on input line 51.


LaTeX Warning: Citation `Visscher:2012je' on page  undefined on input line 51.


LaTeX Warning: Citation `Consortium:2009ef' on page  undefined on input line 52
.


LaTeX Warning: Citation `Lee:2012iu' on page  undefined on input line 52.


LaTeX Warning: Citation `Loh:2015hz' on page  undefined on input line 52.


LaTeX Warning: Citation `Ripke:2014eb' on page  undefined on input line 52.


LaTeX Warning: Citation `Lee:2012iu' on page  undefined on input line 52.


LaTeX Warning: Citation `Richards:2016cs' on page  undefined on input line 52.


LaTeX Warning: Citation `Genovese:2016fv' on page  undefined on input line 52.


LaTeX Warning: Citation `Purcell:2014gw' on page  undefined on input line 52.


LaTeX Warning: Citation `Yang:2010kn' on page  undefined on input line 52.


LaTeX Warning: Citation `Shi:2016bn' on page  undefined on input line 52.


LaTeX Warning: Citation `GuerraAmorim:2016hh' on page  undefined on input line 
54.


LaTeX Warning: Citation `Johnson:2005do' on page  undefined on input line 62.


LaTeX Warning: Citation `Manolio:2009jp' on page  undefined on input line 62.


LaTeX Warning: Citation `Simons:2014fj' on page  undefined on input line 62.


LaTeX Warning: Citation `BulikSullivan:2015jf' on page  undefined on input line
 64.


LaTeX Warning: Citation `Pickrell:2016ko' on page  undefined on input line 64.


LaTeX Warning: Citation `Visscher:2016fp' on page  undefined on input line 64.


LaTeX Warning: Citation `Fraser:2013jj' on page  undefined on input line 64.


LaTeX Warning: Citation `Berg:2014bs' on page  undefined on input line 64.


LaTeX Warning: Citation `Corona:2013cl' on page  undefined on input line 64.


LaTeX Warning: Citation `Chen:2012jv' on page  undefined on input line 64.


LaTeX Warning: Citation `Ayub:2014hk' on page  undefined on input line 64.


LaTeX Warning: Citation `Polimanti:2017bv' on page  undefined on input line 64.



LaTeX Warning: Citation `Neel:1962tj' on page  undefined on input line 68.


LaTeX Warning: Citation `Neel:1999tu' on page  undefined on input line 68.


LaTeX Warning: Citation `Franco:2013hb' on page  undefined on input line 68.


LaTeX Warning: Citation `Gibson:2000vi' on page  undefined on input line 68.


LaTeX Warning: Citation `Gibson:2009ie' on page  undefined on input line 68.


LaTeX Warning: Citation `Pritchard:2001hw' on page  undefined on input line 73.



LaTeX Warning: Citation `Pritchard:2002ux' on page  undefined on input line 73.



LaTeX Warning: Citation `BulikSullivan:2015jf' on page  undefined on input line
 73.


LaTeX Warning: Citation `Pickrell:2016ko' on page  undefined on input line 73.


LaTeX Warning: Citation `Visscher:2016fp' on page  undefined on input line 73.


LaTeX Warning: Citation `EyreWalker:2010dn' on page  undefined on input line 73
.

./_region_.tex:73: Preview: Snippet 2 started.
<-><->
      
l.73 ...rious, but allows for their effect size, $
                                                  \alpha$, and selection coe...

Not a real error.

./_region_.tex:73: Preview: Snippet 2 ended.(308974+0x461718).
<-><->
      
l.73 ...but allows for their effect size, $\alpha$
                                                  , and selection coefficien...

Not a real error.

[2]
./_region_.tex:73: Preview: Snippet 3 started.
<-><->
      
l.73 ...ze, $\alpha$, and selection coefficient, $
                                                  S$, to be related by the f...

Not a real error.

./_region_.tex:73: Preview: Snippet 3 ended.(490372+0x481402).
<-><->
      
l.73 ..., $\alpha$, and selection coefficient, $S$
                                                  , to be related by the fun...

Not a real error.

[3]
./_region_.tex:73: Preview: Snippet 4 started.
<-><->
      
l.73 ...$, to be related by the functional form: $
                                                  \alpha = \delta S^{\tau} (...

Not a real error.

./_region_.tex:73: Preview: Snippet 4 ended.(538214+179404x4671888).
<-><->
      
l.73 ...m: $\alpha = \delta S^{\tau} (1+\epsilon)$
                                                  , where $\delta$ is a rand...

Not a real error.

[4]
./_region_.tex:73: Preview: Snippet 5 started.
<-><->
      
l.73 ...a = \delta S^{\tau} (1+\epsilon)$, where $
                                                  \delta$ is a randomly chos...

Not a real error.

./_region_.tex:73: Preview: Snippet 5 ended.(498346+0x346100).
<-><->
      
l.73 ...lta S^{\tau} (1+\epsilon)$, where $\delta$
                                                   is a randomly chosen sign...

Not a real error.

[5]
./_region_.tex:73: Preview: Snippet 6 started.
<-><->
      
l.73 ...$\delta$ is a randomly chosen sign (i.e. $
                                                  1$ or $-1$), $\epsilon$ is...

Not a real error.

./_region_.tex:73: Preview: Snippet 6 ended.(462465+0x358810).
<-><->
      
l.73 ...delta$ is a randomly chosen sign (i.e. $1$
                                                   or $-1$), $\epsilon$ is a...

Not a real error.

[6]
./_region_.tex:73: Preview: Snippet 7 started.
<-><->
      
l.73 ...$ is a randomly chosen sign (i.e. $1$ or $
                                                  -1$), $\epsilon$ is a norm...

Not a real error.

./_region_.tex:73: Preview: Snippet 7 ended.(462465+59802x916960).
<-><->
      
l.73 ...s a randomly chosen sign (i.e. $1$ or $-1$
                                                  ), $\epsilon$ is a normall...

Not a real error.

[7]
./_region_.tex:73: Preview: Snippet 8 started.
<-><->
      
l.73 ...randomly chosen sign (i.e. $1$ or $-1$), $
                                                  \epsilon$ is a normally di...

Not a real error.

./_region_.tex:73: Preview: Snippet 8 ended.(308974+0x291284).
<-><->
      
l.73 ...chosen sign (i.e. $1$ or $-1$), $\epsilon$
                                                   is a normally distributed...

Not a real error.

[8]
./_region_.tex:73: Preview: Snippet 9 started.
<-><->
      
l.73 ...s a normally distributed noise term, and $
                                                  \tau$ is a “coupling par...

Not a real error.

./_region_.tex:73: Preview: Snippet 9 ended.(308974+0x394941).
<-><->
      
l.73 ...ormally distributed noise term, and $\tau$
                                                   is a “coupling paramete...

Not a real error.

[9]
./_region_.tex:73: Preview: Snippet 10 started.
<-><->
      
l.73 ...o capture the effect of pleiotropy. When $
                                                  \tau$ equals 1, a mutation...

Not a real error.

./_region_.tex:73: Preview: Snippet 10 ended.(308974+0x394941).
<-><->
      
l.73 ...ture the effect of pleiotropy. When $\tau$
                                                   equals 1, a mutation's se...

Not a real error.

[10]

LaTeX Warning: Citation `Pritchard:2001hw' on page  undefined on input line 73.



LaTeX Warning: Citation `Agarwala:2013bu' on page  undefined on input line 73.


LaTeX Warning: Citation `Fuchsberger:2016df' on page  undefined on input line 7
3.


LaTeX Warning: Citation `Mancuso:2015cp' on page  undefined on input line 73.


LaTeX Warning: Citation `Caballero:2015ce' on page  undefined on input line 73.


./_region_.tex:88: Preview: Snippet 11 started.
<-><->
      
l.88 \paragraph
               {Preliminary Results}
Not a real error.

./_region_.tex:88: Preview: Snippet 11 ended.(513686+151021x6700698).
<-><->
      
l.88 \paragraph{Preliminary Results}
                                    
Not a real error.

[11

]
./_region_.tex:89: Preview: Snippet 12 started.
<-><->
      
l.89 ...sk. In this model, an individual's risk ($
                                                  R$) of developing disease ...

Not a real error.

./_region_.tex:89: Preview: Snippet 12 ended.(490372+0x550424).
<-><->
      
l.89 .... In this model, an individual's risk ($R$
                                                  ) of developing disease is...

Not a real error.

[12]
./_region_.tex:89: Preview: Snippet 13 started.
<-><->
      
l.89 ...eloping disease is a monotonic function ($
                                                  \ell$) of an underlying (a...

Not a real error.

./_region_.tex:89: Preview: Snippet 13 ended.(498346+0x299010).
<-><->
      
l.89 ...ng disease is a monotonic function ($\ell$
                                                  ) of an underlying (and ge...

Not a real error.

[13]
./_region_.tex:89: Preview: Snippet 14 started.
<-><->
      
l.89 ...lly unobserved) disease liability trait ($
                                                  Z$), such that
Not a real error.

./_region_.tex:89: Preview: Snippet 14 ended.(490372+0x541204).
<-><->
      
l.89 ...y unobserved) disease liability trait ($Z$
                                                  ), such that
Not a real error.

[14]
./_region_.tex:90: Preview: Snippet 15 started.
<-><->
      
l.90 \begin{align}
                  
Not a real error.

./_region_.tex:92: Preview: Snippet 15 ended.(1686164+0x35522151).
<-><->
      
l.92 \end{align}
                
Not a real error.

[15]
./_region_.tex:93: Preview: Snippet 16 started.
<-><->
      
l.93 where $
            \alpha_i$ and $g_i$ are the liability scale effect size and geno...

Not a real error.

./_region_.tex:93: Preview: Snippet 16 ended.(308974+107642x681488).
<-><->
      
l.93 where $\alpha_i$
                      and $g_i$ are the liability scale effect size and geno...

Not a real error.

[16]
./_region_.tex:93: Preview: Snippet 17 started.
<-><->
      
l.93 where $\alpha_i$ and $
                           g_i$ are the liability scale effect size and geno...

Not a real error.

./_region_.tex:93: Preview: Snippet 17 ended.(308974+139537x564707).
<-><->
      
l.93 where $\alpha_i$ and $g_i$
                                are the liability scale effect size and geno...

Not a real error.

[17]
./_region_.tex:93: Preview: Snippet 18 started.
<-><->
      
l.93 ...t size and genotype respectively at site $
                                                  i$, and $\epsilon$ is a no...

Not a real error.

./_region_.tex:93: Preview: Snippet 18 ended.(473287+0x247229).
<-><->
      
l.93 ...size and genotype respectively at site $i$
                                                  , and $\epsilon$ is a norm...

Not a real error.

[18]
./_region_.tex:93: Preview: Snippet 19 started.
<-><->
      
l.93 ...d genotype respectively at site $i$, and $
                                                  \epsilon$ is a normally di...

Not a real error.

./_region_.tex:93: Preview: Snippet 19 ended.(308974+0x291284).
<-><->
      
l.93 ...e respectively at site $i$, and $\epsilon$
                                                   is a normally distributed...

Not a real error.

[19]

LaTeX Warning: Citation `Wright:1934wd' on page  undefined on input line 93.


LaTeX Warning: Citation `Lush:1948vc' on page  undefined on input line 93.


LaTeX Warning: Citation `FalconerAndMackay' on page  undefined on input line 93
.


LaTeX Warning: Citation `Falconer:1965bn' on page  undefined on input line 93.


LaTeX Warning: Citation `Risch:1996ub' on page  undefined on input line 93.


LaTeX Warning: Citation `Risch:1990ty' on page  undefined on input line 93.

./_region_.tex:93: Preview: Snippet 20 started.
<-><->
      
l.93 ...nd to different choices for the function $
                                                  \ell$. Previous work \cite...

Not a real error.

./_region_.tex:93: Preview: Snippet 20 ended.(498346+0x299010).
<-><->
      
l.93 ... different choices for the function $\ell$
                                                  . Previous work \cite{Slat...

Not a real error.

[20]

LaTeX Warning: Citation `Slatkin:2008hw' on page  undefined on input line 93.


LaTeX Warning: Citation `Wray:2010ir' on page  undefined on input line 93.

./_region_.tex:93: Preview: Snippet 21 started.
<-><->
      
l.93 ... relatively insensitive to the choice of $
                                                  \ell$, and I will therefor...

Not a real error.

./_region_.tex:93: Preview: Snippet 21 ended.(498346+0x299010).
<-><->
      
l.93 ...tively insensitive to the choice of $\ell$
                                                  , and I will therefore tak...

Not a real error.

[21]
./_region_.tex:93: Preview: Snippet 22 started.
<-><->
      
l.93 ...ice of $\ell$, and I will therefore take $
                                                  \ell$ to be the probit lin...

Not a real error.

./_region_.tex:93: Preview: Snippet 22 ended.(498346+0x299010).
<-><->
      
l.93 ...f $\ell$, and I will therefore take $\ell$
                                                   to be the probit link fun...

Not a real error.

[22]
./_region_.tex:95: Preview: Snippet 23 started.
<-><->
      
l.95 ...ing mutations arise at genome wide rates $
                                                  \mu^+$ and $\mu^-$, with e...

Not a real error.

./_region_.tex:95: Preview: Snippet 23 ended.(577178+139537x898441).
<-><->
      
l.95 ...tations arise at genome wide rates $\mu^+$
                                                   and $\mu^-$, with effect ...

Not a real error.

[23]
./_region_.tex:95: Preview: Snippet 24 started.
<-><->
      
l.95 ...s arise at genome wide rates $\mu^+$ and $
                                                  \mu^-$, with effect size d...

Not a real error.

./_region_.tex:95: Preview: Snippet 24 ended.(577178+139537x898441).
<-><->
      
l.95 ...e at genome wide rates $\mu^+$ and $\mu^-$
                                                  , with effect size distrib...

Not a real error.

[24]
./_region_.tex:95: Preview: Snippet 25 started.
<-><->
      
l.95 ... $\mu^-$, with effect size distributions $
                                                  f^+\left(\alpha\right)$ an...

Not a real error.

./_region_.tex:95: Preview: Snippet 25 ended.(577178+179405x2034089).
<-><->
      
l.95 ...ize distributions $f^+\left(\alpha\right)$
                                                   and $f^-\left(\alpha\righ...

Not a real error.

[25]
./_region_.tex:95: Preview: Snippet 26 started.
<-><->
      
l.95 ...stributions $f^+\left(\alpha\right)$ and $
                                                  f^-\left(\alpha\right)$ re...

Not a real error.

./_region_.tex:95: Preview: Snippet 26 ended.(577178+179405x2034089).
<-><->
      
l.95 ...alpha\right)$ and $f^-\left(\alpha\right)$
                                                   respectively. Individuals...

Not a real error.

[26]
./_region_.tex:95: Preview: Snippet 27 started.
<-><->
      
l.95 ...e have their fitness reduced by a factor $
                                                  1-S$.
Not a real error.

./_region_.tex:95: Preview: Snippet 27 ended.(490372+59802x1717298).
<-><->
      
l.95 ...ve their fitness reduced by a factor $1-S$
                                                  .
Not a real error.

[27]
./_region_.tex:98: Preview: Snippet 28 started.
<-><->
      
l.98 \begin{align}
                  
Not a real error.

./_region_.tex:101: Preview: Snippet 28 ended.(2019221+0x35522151).
<-><->
      
l.101 \end{align}
                 
Not a real error.

[28

]
./_region_.tex:102: Preview: Snippet 29 started.
<-><->
      
l.102 where $
             U^+ = \mu^+\int_{0}^{\infty}\alpha f^+\left(\alpha\right)\mathr...

Not a real error.

./_region_.tex:102: Preview: Snippet 29 ended.(596289+252045x7673193).
<-><->
      
l.102 ...a f^+\left(\alpha\right)\mathrm{d}\alpha$
                                                   is the total per generati...

Not a real error.

[29]
./_region_.tex:102: Preview: Snippet 30 started.
<-><->
      
l.102 ...n mutational increase in liabilty (with $
                                                  U^-$ defined similarly as ...

Not a real error.

./_region_.tex:102: Preview: Snippet 30 ended.(577178+0x1034253).
<-><->
      
l.102 ...tational increase in liabilty (with $U^-$
                                                   defined similarly as muta...

Not a real error.

[30]
./_region_.tex:102: Preview: Snippet 31 started.
<-><->
      
l.102 ...ection pressure toward lower liability; $
                                                  V_A$ is the additive genet...

Not a real error.

./_region_.tex:102: Preview: Snippet 31 ended.(490372+111084x868631).
<-><->
      
l.102 ...on pressure toward lower liability; $V_A$
                                                   is the additive genetic v...

Not a real error.

[31]

LaTeX Warning: Citation `CharlesworthBook' on page  undefined on input line 102
.

./_region_.tex:102: Preview: Snippet 32 started.
<-><->
      
l.102 ... genetics sense.\cite{CharlesworthBook} $
                                                  \phi$ and $\Phi$ are the G...

Not a real error.

./_region_.tex:102: Preview: Snippet 32 ended.(498346+139537x427582).
<-><->
      
l.102 ...tics sense.\cite{CharlesworthBook} $\phi$
                                                   and $\Phi$ are the Gaussi...

Not a real error.

[32]
./_region_.tex:102: Preview: Snippet 33 started.
<-><->
      
l.102 ...ense.\cite{CharlesworthBook} $\phi$ and $
                                                  \Phi$ are the Gaussian pdf...

Not a real error.

./_region_.tex:102: Preview: Snippet 33 ended.(490372+0x518281).
<-><->
      
l.102 ...\cite{CharlesworthBook} $\phi$ and $\Phi$
                                                   are the Gaussian pdf and ...

Not a real error.

[33]
./_region_.tex:102: Preview: Snippet 34 started.
<-><->
      
l.102 ...om our choice of the theshold model for $
                                                  \ell$.  $P$ is the disease...

Not a real error.

./_region_.tex:102: Preview: Snippet 34 ended.(498346+0x299010).
<-><->
      
l.102 ...r choice of the theshold model for $\ell$
                                                  .  $P$ is the disease prev...

Not a real error.

[34]
./_region_.tex:102: Preview: Snippet 35 started.
<-><->
      
l.102 ...oice of the theshold model for $\ell$.  $
                                                  P$ is the disease prevalen...

Not a real error.

./_region_.tex:102: Preview: Snippet 35 ended.(490372+0x560391).
<-><->
      
l.102 ...ce of the theshold model for $\ell$.  $P$
                                                   is the disease prevalence...

Not a real error.

[35]
./_region_.tex:102: Preview: Snippet 36 started.
<-><->
      
l.102 ...model, an individual allele with effect $
                                                  \alpha$ on disease liabili...

Not a real error.

./_region_.tex:102: Preview: Snippet 36 ended.(308974+0x461718).
<-><->
      
l.102 ...an individual allele with effect $\alpha$
                                                   on disease liability will...

Not a real error.

[36]
./_region_.tex:103: Preview: Snippet 37 started.
<-><->
      
l.103 \begin{align}
                   
Not a real error.

./_region_.tex:106: Preview: Snippet 37 ended.(901563+0x35522151).
<-><->
      
l.106 \end{align}
                 
Not a real error.

[37

]
./_region_.tex:107: Preview: Snippet 38 started.
<-><->
      
l.107 ...ll be additive (co-dominant) so long as $
                                                  \alpha$ is small.
Not a real error.

./_region_.tex:107: Preview: Snippet 38 ended.(308974+0x461718).
<-><->
      
l.107 ...dditive (co-dominant) so long as $\alpha$
                                                   is small.
Not a real error.

[38]

LaTeX Warning: Reference `univariate-bulk-eq' on page  undefined on input line 
108.


LaTeX Warning: Reference `sel-coef' on page  undefined on input line 108.

./_region_.tex:116: Preview: Snippet 39 started.
<-><->
      
l.116   \begin{figure}
                      
Not a real error.

File: ../figures/SimpleModelSolutions.pdf Graphic file (type QTm)
<use  "../figures/SimpleModelSolutions.pdf" >

LaTeX Warning: Reference `univariate-bulk-eq' on page  undefined on input line 
118.


LaTeX Warning: Reference `sel-coef' on page  undefined on input line 118.


LaTeX Warning: Reference `univariate-bulk-eq' on page  undefined on input line 
118.


LaTeX Warning: Reference `sel-coef' on page  undefined on input line 118.

./_region_.tex:120: Preview: Snippet 39 ended.(15285348+0x35522151).
<-><->
      
l.120   \end{figure}
                    
Not a real error.

[39



]
./_region_.tex:129: Preview: Snippet 40 started.
<-><->
      
l.129 \paragraph
                {Environmental Change}
Not a real error.

./_region_.tex:129: Preview: Snippet 40 ended.(522446+151021x7815320).
<-><->
      
l.129 \paragraph{Environmental Change}
                                      
Not a real error.

[40

]
./_region_.tex:131: Preview: Snippet 41 started.
<-><->
      
l.131 ...e (or decrease) in prevalence such that $
                                                  P_{new} = 1 - \Phi\left(\P...

Not a real error.

./_region_.tex:131: Preview: Snippet 41 ended.(609979+251172x10613719).
<-><->
      
l.131 ...{-1}\left(1-P_{old}\right)-\delta\right)$
                                                  , where $\delta$ is the sh...

Not a real error.

[41]
./_region_.tex:131: Preview: Snippet 42 started.
<-><->
      
l.131 ...(1-P_{old}\right)-\delta\right)$, where $
                                                  \delta$ is the shift in th...

Not a real error.

./_region_.tex:131: Preview: Snippet 42 ended.(498346+0x346100).
<-><->
      
l.131 ...ld}\right)-\delta\right)$, where $\delta$
                                                   is the shift in the envir...

Not a real error.

[42]
./_region_.tex:131: Preview: Snippet 43 started.
<-><->
      
l.131 ...s of the phenotypic standard deviation ($
                                                  \Phi$, again, is the Gauss...

Not a real error.

./_region_.tex:131: Preview: Snippet 43 ended.(490372+0x518281).
<-><->
      
l.131 ...the phenotypic standard deviation ($\Phi$
                                                  , again, is the Gaussian c...

Not a real error.

[43]
./_region_.tex:131: Preview: Snippet 44 started.
<-><->
      
l.131 ...ntal variance is increased by an amount $
                                                  \psi$ (given in units of t...

Not a real error.

./_region_.tex:131: Preview: Snippet 44 ended.(498346+139537x493198).
<-><->
      
l.131 ...variance is increased by an amount $\psi$
                                                   (given in units of the pr...

Not a real error.

[44]
./_region_.tex:131: Preview: Snippet 45 started.
<-><->
      
l.131 ...hen heritability is decreased such that $
                                                  h^2_{new} = \frac{h^2_{old...

Not a real error.

./_region_.tex:131: Preview: Snippet 45 ended.(843304+349409x3665314).
<-><->
      
l.131 ...at $h^2_{new} = \frac{h^2_{old}}{1+\psi}$
                                                  , while prevalence will in...

Not a real error.

[45]
./_region_.tex:131: Preview: Snippet 46 started.
<-><->
      
l.131 ...si}$, while prevalence will increase to $
                                                  P_{new} = 1 - \Phi\left(\f...

Not a real error.

./_region_.tex:131: Preview: Snippet 46 ended.(825267+466460x8585249).
<-><->
      
l.131 ...1}\left(1-P_{old}\right)}{1+\psi}\right)$
                                                  .
Not a real error.

[46]
./_region_.tex:139: Preview: Snippet 47 started.
<-><->
      
l.139 \paragraph
                {Pleiotropy}
Not a real error.

./_region_.tex:139: Preview: Snippet 47 ended.(513686+151021x3508905).
<-><->
      
l.139 \paragraph{Pleiotropy}
                            
Not a real error.

[47

]

LaTeX Warning: Citation `BulikSullivan:2015jf' on page  undefined on input line
 140.


LaTeX Warning: Citation `Pickrell:2016ko' on page  undefined on input line 140.



LaTeX Warning: Citation `Visscher:2016fp' on page  undefined on input line 140.



LaTeX Warning: Reference `sel-coef' on page  undefined on input line 140.

./_region_.tex:142: Preview: Snippet 48 started.
<-><->
      
l.142 ...ve identical parameters (here and below $
                                                  \Theta_A$ represents colle...

Not a real error.

./_region_.tex:142: Preview: Snippet 48 ended.(490372+111084x1008170).
<-><->
      
l.142 ...cal parameters (here and below $\Theta_A$
                                                   represents collectively a...

Not a real error.

[48]
./_region_.tex:142: Preview: Snippet 49 started.
<-><->
      
l.142 ... parameters, this marginal distribution $
                                                  (p\left(\alpha \mid s,\The...

Not a real error.

./_region_.tex:142: Preview: Snippet 49 ended.(538214+179405x4320173).
<-><->
      
l.142 ... $(p\left(\alpha \mid s,\Theta_A\right))$
                                                   will be derived from geom...

Not a real error.

[49]
./_region_.tex:143: Preview: Snippet 50 started.
<-><->
      
l.143 \begin{align}
                   
Not a real error.

./_region_.tex:146: Preview: Snippet 50 ended.(1594726+0x35522151).
<-><->
      
l.146 \end{align}
                 
Not a real error.

[50

]
./_region_.tex:147: Preview: Snippet 51 started.
<-><->
      
l.147 where the distribution of frequencies, $
                                              p\left(x \mid s \right)$, can ...

Not a real error.

./_region_.tex:147: Preview: Snippet 51 ended.(538214+179405x2383334).
<-><->
      
l.147 ...of frequencies, $p\left(x \mid s \right)$
                                                  , can be computed from dif...

Not a real error.

[51]

LaTeX Warning: Citation `EwensBook' on page  undefined on input line 147.

./_region_.tex:147: Preview: Snippet 52 started.
<-><->
      
l.147 ...distribution of selection coefficients, $
                                                  p\left(s\right)$, is gener...

Not a real error.

./_region_.tex:147: Preview: Snippet 52 ended.(538213+179405x1375186).
<-><->
      
l.147 ...selection coefficients, $p\left(s\right)$
                                                  , is generally unknown (in...

Not a real error.

[52]

LaTeX Warning: Citation `Turelli:1984tb' on page  undefined on input line 149.


LaTeX Warning: Citation `Barton:1989du' on page  undefined on input line 149.


LaTeX Warning: Citation `Kingsolver:2001di' on page  undefined on input line 14
9.


LaTeX Warning: Citation `Johnson:2005do' on page  undefined on input line 149.


LaTeX Warning: Citation `Robertson:1956dk' on page  undefined on input line 149
.


LaTeX Warning: Citation `Robertson:1956dk' on page  undefined on input line 149
.

./_region_.tex:151: Preview: Snippet 53 started.
<-><->
      
l.151 ...t and the parameters of the model (i.e. $
                                                  p\left(h \mid s , \Theta_A...

Not a real error.

./_region_.tex:151: Preview: Snippet 53 ended.(538214+179405x3713767).
<-><->
      
l.151 ...(i.e. $p\left(h \mid s , \Theta_A\right)$
                                                  ). Mutations with large ef...

Not a real error.

[53]

LaTeX Warning: Reference `exp-for-arch' on page  undefined on input line 151.


LaTeX Warning: Citation `Pickrell:2016ko' on page  undefined on input line 166.



LaTeX Warning: Citation `Zhou:2014kk' on page  undefined on input line 166.


LaTeX Warning: Citation `Gottesman:2003ul' on page  undefined on input line 166
.


LaTeX Warning: Citation `Flint:2006ia' on page  undefined on input line 166.


LaTeX Warning: Citation `Kendler:2010kw' on page  undefined on input line 166.


LaTeX Warning: Citation `Mitchell:2012hw' on page  undefined on input line 166.


./_region_.tex:171: Preview: Snippet 54 started.
<-><->
      
l.171 \paragraph
                {Non-Equilibrium Demography}
Not a real error.

./_region_.tex:171: Preview: Snippet 54 ended.(513686+151021x10166503).
<-><->
      
l.171 \paragraph{Non-Equilibrium Demography}
                                            
Not a real error.

[54

]

LaTeX Warning: Citation `Simons:2014fj' on page  undefined on input line 173.


LaTeX Warning: Citation `Tennessen:2012ek' on page  undefined on input line 173
.


LaTeX Warning: Citation `Keinan:2012kl' on page  undefined on input line 173.


LaTeX Warning: Citation `Gao:2014dz' on page  undefined on input line 173.


LaTeX Warning: Citation `Gazave:2013jh' on page  undefined on input line 173.


LaTeX Warning: Citation `Lohmueller:2014gd' on page  undefined on input line 17
3.


LaTeX Warning: Citation `Tennessen:2012ek' on page  undefined on input line 173
.


LaTeX Warning: Citation `Keinan:2012kl' on page  undefined on input line 173.


LaTeX Warning: Citation `Simons:2014fj' on page  undefined on input line 173.


LaTeX Warning: Citation `Tennessen:2012ek' on page  undefined on input line 175
.


LaTeX Warning: Citation `Schiffels:2014cu' on page  undefined on input line 175
.

./_region_.tex:181: Preview: Snippet 55 started.
<-><->
      
l.181 \paragraph
                {Additional Complications}
Not a real error.

./_region_.tex:181: Preview: Snippet 55 ended.(522446+141561x8651375).
<-><->
      
l.181 \paragraph{Additional Complications}
                                          
Not a real error.

[55

]
./_region_.tex:192: Preview: Snippet 56 started.
<-><->
      
l.192 \paragraph
                {Background}
Not a real error.

./_region_.tex:192: Preview: Snippet 56 ended.(513686+151021x4186578).
<-><->
      
l.192 \paragraph{Background}
                            
Not a real error.

[56

]

LaTeX Warning: Citation `Agarwala:2013bu' on page  undefined on input line 194.



LaTeX Warning: Citation `Fuchsberger:2016df' on page  undefined on input line 1
94.


LaTeX Warning: Citation `Mancuso:2015cp' on page  undefined on input line 194.


LaTeX Warning: Citation `EyreWalker:2010dn' on page  undefined on input line 19
4.

./_region_.tex:194: Preview: Snippet 57 started.
<-><->
      
l.194 ...ffect size and fitness (Eyre-Walker’s $
                                                  \tau$) that are consistent...

Not a real error.

./_region_.tex:194: Preview: Snippet 57 ended.(308974+0x394941).
<-><->
      
l.194 ... size and fitness (Eyre-Walker’s $\tau$
                                                  ) that are consistent with...

Not a real error.

[57]

LaTeX Warning: Citation `Agarwala:2013bu' on page  undefined on input line 194.



LaTeX Warning: Citation `Fuchsberger:2016df' on page  undefined on input line 1
94.


LaTeX Warning: Citation `Mancuso:2015cp' on page  undefined on input line 194.


LaTeX Warning: Citation `Agarwala:2013bu' on page  undefined on input line 194.


./_region_.tex:194: Preview: Snippet 58 started.
<-><->
      
l.194 ...d by SNPs with minor allele frequency < $
                                                  5\%$\cite{Fuchsberger:2016...

Not a real error.

./_region_.tex:194: Preview: Snippet 58 ended.(522446+18922x996888).
<-><->
      
l.194 ... SNPs with minor allele frequency < $5\%$
                                                  \cite{Fuchsberger:2016df,M...

Not a real error.

[58]

LaTeX Warning: Citation `Fuchsberger:2016df' on page  undefined on input line 1
94.


LaTeX Warning: Citation `Mancuso:2015cp' on page  undefined on input line 194.

./_region_.tex:194: Preview: Snippet 59 started.
<-><->
      
l.194 ...iotropic and direct selection extremes ($
                                                  \tau$ = 0 or 1), they fail...

Not a real error.

./_region_.tex:194: Preview: Snippet 59 ended.(308974+0x394941).
<-><->
      
l.194 ...pic and direct selection extremes ($\tau$
                                                   = 0 or 1), they fail to n...

Not a real error.

[59]

LaTeX Warning: Citation `EyreWalker:2007dl' on page  undefined on input line 19
6.


LaTeX Warning: Citation `Pickrell:2014bw' on page  undefined on input line 196.



LaTeX Warning: Citation `Racimo:2014cb' on page  undefined on input line 196.

./_region_.tex:199: Preview: Snippet 60 started.
<-><->
      
l.199 \paragraph
                {Approach}
Not a real error.

./_region_.tex:199: Preview: Snippet 60 ended.(513686+141561x3349122).
<-><->
      
l.199 \paragraph{Approach}
                          
Not a real error.

[60

]
./_region_.tex:202: Preview: Snippet 61 started.
<-><->
      
l.202 \paragraph
                {Approach}
Not a real error.

./_region_.tex:202: Preview: Snippet 61 ended.(513686+141561x3349122).
<-><->
      
l.202 \paragraph{Approach}
                          
Not a real error.

[61

]

LaTeX Warning: Citation `Larribe:2011jb' on page  undefined on input line 203.


LaTeX Warning: Citation `Coffman:2015by' on page  undefined on input line 203.

./_region_.tex:203: Preview: Snippet 62 started.
<-><->
      
l.203 ...ncies from the loci discovered in GWAS, $
                                                  \{\left(\alpha_i, x_i\righ...

Not a real error.

./_region_.tex:203: Preview: Snippet 62 ended.(538214+179405x2908763).
<-><->
      
l.203 ...in GWAS, $\{\left(\alpha_i, x_i\right)\}$
                                                  , and an estimate of the r...

Not a real error.

[62]
./_region_.tex:203: Preview: Snippet 63 started.
<-><->
      
l.203 ...ed by the genome-wide significant loci ($
                                                   V^*_A$). The composite-li...

Not a real error.

./_region_.tex:203: Preview: Snippet 63 ended.(504358+212661x889382).
<-><->
      
l.203 ...he genome-wide significant loci ($ V^*_A$
                                                  ). The composite-likelihoo...

Not a real error.

[63]
./_region_.tex:203: Preview: Snippet 64 started.
<-><->
      
l.203 ...ite-likelihood of the model parameters, $
                                                  (\Theta_A$, given these da...

Not a real error.

./_region_.tex:203: Preview: Snippet 64 ended.(538214+179404x1287245).
<-><->
      
l.203 ...hood of the model parameters, $(\Theta_A$
                                                  , given these data then ta...

Not a real error.

[64]
./_region_.tex:204: Preview: Snippet 65 started.
<-><->
      
l.204  \begin{align*}
                     
Not a real error.

./_region_.tex:207: Preview: Snippet 65 ended.(2259712+0x33807061).
<-><->
      
l.207 \end{align*}
                  
Not a real error.

[65]
./_region_.tex:208: Preview: Snippet 66 started.
<-><->
      
l.208 where: $
               Pr\left(K \mid \Theta_A , \Theta_S \right)$ is the probabilit...

Not a real error.

./_region_.tex:208: Preview: Snippet 66 ended.(538214+179405x5126778).
<-><->
      
l.208 ...\left(K \mid \Theta_A , \Theta_S \right)$
                                                   is the probability of obs...

Not a real error.

[66]
./_region_.tex:208: Preview: Snippet 67 started.
<-><->
      
l.208 ...right)$ is the probability of observing $
                                                  K$ genome-wide significant...

Not a real error.

./_region_.tex:208: Preview: Snippet 67 ended.(490372+0x660807).
<-><->
      
l.208 ...ght)$ is the probability of observing $K$
                                                   genome-wide significant l...

Not a real error.

[67]
./_region_.tex:208: Preview: Snippet 68 started.
<-><->
      
l.208 ...depends on the evolutionary parameters ($
                                                  \Theta_A$)  and the GWAS p...

Not a real error.

./_region_.tex:208: Preview: Snippet 68 ended.(490372+111084x1008170).
<-><->
      
l.208 ...n the evolutionary parameters ($\Theta_A$
                                                  )  and the GWAS parameters...

Not a real error.

[68]
./_region_.tex:208: Preview: Snippet 69 started.
<-><->
      
l.208 ... ($\Theta_A$)  and the GWAS parameters ($
                                                  \Theta_S$); $Pr\left(\alph...

Not a real error.

./_region_.tex:208: Preview: Snippet 69 ended.(490372+111084x959016).
<-><->
      
l.208 ..._A$)  and the GWAS parameters ($\Theta_S$
                                                  ); $Pr\left(\alpha_i , x_i...

Not a real error.

[69]
./_region_.tex:208: Preview: Snippet 70 started.
<-><->
      
l.208 ...  and the GWAS parameters ($\Theta_S$); $
                                                  Pr\left(\alpha_i , x_i \mi...

Not a real error.

./_region_.tex:208: Preview: Snippet 70 ended.(538214+179405x4821008).
<-><->
      
l.208 ...eft(\alpha_i , x_i \mid \Theta_A \right)$
                                                   is the probability densit...

Not a real error.

[70]

LaTeX Warning: Reference `exp-for-arch' on page  undefined on input line 208.

./_region_.tex:208: Preview: Snippet 71 started.
<-><->
      
l.208 ...ncy, given by Eq \eqref{exp-for-arch}); $
                                                  H\left(\alpha_i , x_i \mid...

Not a real error.

./_region_.tex:208: Preview: Snippet 71 ended.(538214+179405x4522595).
<-><->
      
l.208 ...left(\alpha_i , x_i \mid \Theta_S\right)$
                                                   is the power to discover ...

Not a real error.

[71]

LaTeX Warning: Citation `Sham:2014di' on page  undefined on input line 208.

./_region_.tex:208: Preview: Snippet 72 started.
<-><->
      
l.208 ...is already known\cite{Sham:2014di}; and $
                                                  p\left(V_A^* \mid \Theta_A...

Not a real error.

./_region_.tex:208: Preview: Snippet 72 ended.(538214+212661x4812320).
<-><->
      
l.208 ...ft(V_A^* \mid \Theta_A , \Theta_S\right)$
                                                   gives the distribution of...

Not a real error.

[72]
./_region_.tex:208: Preview: Snippet 73 started.
<-><->
      
l.208 ...e-wide significant SNPs. The parameters $
                                                  \Theta_A$ whose composite ...

Not a real error.

./_region_.tex:208: Preview: Snippet 73 ended.(490372+111084x1008170).
<-><->
      
l.208 ...gnificant SNPs. The parameters $\Theta_A$
                                                   whose composite likelihoo...

Not a real error.

[73]
./_region_.tex:213: Preview: Snippet 74 started.
<-><->
      
l.213 \includegraphics
                      [width=0.5\textwidth]{../figures/JointSpecFig.pdf}
Not a real error.

File: ../figures/JointSpecFig.pdf Graphic file (type QTm)
<use  "../figures/JointSpecFig.pdf" >
./_region_.tex:213: Preview: Snippet 74 ended.(8880949+0x17761075).
<-><->
      
l.213 ...5\textwidth]{../figures/JointSpecFig.pdf}
                                                  
Not a real error.

[74]
./_region_.tex:222: Preview: Snippet 75 started.
<-><->
      
l.222 ...ely, the number of variants discovered ($
                                                  K$) in a GWAS gives inform...

Not a real error.

./_region_.tex:222: Preview: Snippet 75 ended.(490372+0x660807).
<-><->
      
l.222 ...y, the number of variants discovered ($K$
                                                  ) in a GWAS gives informat...

Not a real error.

[75]
./_region_.tex:222: Preview: Snippet 76 started.
<-><->
      
l.222 ... of their effect sizes and frequencies ($
                                                  \alpha_i$ and $x_i$) provi...

Not a real error.

./_region_.tex:222: Preview: Snippet 76 ended.(308974+107642x681488).
<-><->
      
l.222 ... effect sizes and frequencies ($\alpha_i$
                                                   and $x_i$) provides infor...

Not a real error.

[76]
./_region_.tex:222: Preview: Snippet 77 started.
<-><->
      
l.222 ...t sizes and frequencies ($\alpha_i$ and $
                                                  x_i$) provides information...

Not a real error.

./_region_.tex:222: Preview: Snippet 77 ended.(308974+107642x632565).
<-><->
      
l.222 ...zes and frequencies ($\alpha_i$ and $x_i$
                                                  ) provides information abo...

Not a real error.

[77]

LaTeX Warning: Reference `joint-freq-effect-dist' on page  undefined on input l
ine 222.

./_region_.tex:222: Preview: Snippet 78 started.
<-><->
      
l.222 ...ch do not meet genome-wide signficance ($
                                                  V_A^*$) carries informatio...

Not a real error.

./_region_.tex:222: Preview: Snippet 78 ended.(504358+212661x889382).
<-><->
      
l.222 ...not meet genome-wide signficance ($V_A^*$
                                                  ) carries information abou...

Not a real error.

[78]
./_region_.tex:226: Preview: Snippet 79 started.
<-><->
      
l.226 ...ed for by genome-wide significant SNPs ($
                                                  p\left(V_A^* \mid \Theta_A...

Not a real error.

./_region_.tex:226: Preview: Snippet 79 ended.(538214+212661x4812320).
<-><->
      
l.226 ...ft(V_A^* \mid \Theta_A , \Theta_S\right)$
                                                  ), to account for how this...

Not a real error.

[79]
./_region_.tex:226: Preview: Snippet 80 started.
<-><->
      
l.226 ...leles in different frequency bins (i.e. $
                                                  p\left(V_A^*\left(x\right)...

Not a real error.

./_region_.tex:226: Preview: Snippet 80 ended.(538214+212661x5900210).
<-><->
      
l.226 ...x\right) \mid \Theta_A , \Theta_S\right)$
                                                  ). While
Not a real error.

[80]

LaTeX Warning: Citation `Yang:2011hd' on page  undefined on input line 229.


LaTeX Warning: Citation `Speed:2017ec' on page  undefined on input line 229.


LaTeX Warning: Citation `Evans:2017ce' on page  undefined on input line 229.


LaTeX Warning: Reference `exp-for-arch' on page  undefined on input line 229.

No file _region_.bbl.

LaTeX Warning: There were undefined references.

 ) 
Here is how much of TeX's memory you used:
 17328 strings out of 493591
 328883 string characters out of 6143546
 344922 words of memory out of 5000000
 20593 multiletter control sequences out of 15000+600000
 11230 words of font info for 57 fonts, out of 8000000 for 9000
 1347 hyphenation exceptions out of 8191
 36i,18n,61p,10588b,371s stack positions out of 5000i,500n,10000p,200000b,80000s

Output written on _region_.pdf (80 pages).
